<?xml version='1.0' encoding='UTF-8'?>
<testsuite hostname="DESKTOP-VU1MSOU" name="actorbintree.BinaryTreeSuite" tests="3" errors="0" failures="0" skipped="0" time="0.219">
                     <properties>
[...]
</properties>
                     <testcase classname="actorbintree.BinaryTreeSuite" name="proper inserts and lookups" time="0.063">
                                                 
                                               </testcase><testcase classname="actorbintree.BinaryTreeSuite" name="instruction example" time="0.031">
                                                 
                                               </testcase><testcase classname="actorbintree.BinaryTreeSuite" name="behave identically to built-in set (includes GC)" time="0.125">
                                                 
                                               </testcase>
                     <system-out><![CDATA[]]></system-out>
                     <system-err><![CDATA[]]></system-err>
                   </testsuite>